<?xml version="1.0" encoding="UTF-8" ?>
<testsuite errors="0" failures="0" hostname="29-3.local" name="RationalTest" skipped="0" tests="7" time="0.03" timestamp="2025-09-16T02:30:16">
  <properties>
    <property name="gopherProxySet" value="false" />
    <property name="ant.library.dir" value="/Users/bym/Library/Application Support/JetBrains/IntelliJIdea2024.3/plugins/ant/dist/lib" />
    <property name="awt.toolkit" value="sun.lwawt.macosx.LWCToolkit" />
    <property name="ant.file.type" value="file" />
    <property name="java.specification.version" value="11" />
    <property name="sun.cpu.isalist" value="" />
    <property name="sun.jnu.encoding" value="UTF-8" />
    <property name="java.class.path" value="/Users/bym/Library/Java/JavaVirtualMachines/temurin-11.0.28/Contents/Home!/java.base:/Users/bym/Library/Java/JavaVirtualMachines/temurin-11.0.28/Contents/Home!/java.compiler:/Users/bym/Library/Java/JavaVirtualMachines/temurin-11.0.28/Contents/Home!/java.datatransfer:/Users/bym/Library/Java/JavaVirtualMachines/temurin-11.0.28/Contents/Home!/java.desktop:/Users/bym/Library/Java/JavaVirtualMachines/temurin-11.0.28/Contents/Home!/java.instrument:/Users/bym/Library/Java/JavaVirtualMachines/temurin-11.0.28/Contents/Home!/java.logging:/Users/bym/Library/Java/JavaVirtualMachines/temurin-11.0.28/Contents/Home!/java.management:/Users/bym/Library/Java/JavaVirtualMachines/temurin-11.0.28/Contents/Home!/java.management.rmi:/Users/bym/Library/Java/JavaVirtualMachines/temurin-11.0.28/Contents/Home!/java.naming:/Users/bym/Library/Java/JavaVirtualMachines/temurin-11.0.28/Contents/Home!/java.net.http:/Users/bym/Library/Java/JavaVirtualMachines/temurin-11.0.28/Contents/Home!/java.prefs:/Users/bym/Library/Java/JavaVirtualMachines/temurin-11.0.28/Contents/Home!/java.rmi:/Users/bym/Library/Java/JavaVirtualMachines/temurin-11.0.28/Contents/Home!/java.scripting:/Users/bym/Library/Java/JavaVirtualMachines/temurin-11.0.28/Contents/Home!/java.se:/Users/bym/Library/Java/JavaVirtualMachines/temurin-11.0.28/Contents/Home!/java.security.jgss:/Users/bym/Library/Java/JavaVirtualMachines/temurin-11.0.28/Contents/Home!/java.security.sasl:/Users/bym/Library/Java/JavaVirtualMachines/temurin-11.0.28/Contents/Home!/java.smartcardio:/Users/bym/Library/Java/JavaVirtualMachines/temurin-11.0.28/Contents/Home!/java.sql:/Users/bym/Library/Java/JavaVirtualMachines/temurin-11.0.28/Contents/Home!/java.sql.rowset:/Users/bym/Library/Java/JavaVirtualMachines/temurin-11.0.28/Contents/Home!/java.transaction.xa:/Users/bym/Library/Java/JavaVirtualMachines/temurin-11.0.28/Contents/Home!/java.xml:/Users/bym/Library/Java/JavaVirtualMachines/temurin-11.0.28/Contents/Home!/java.xml.crypto:/Users/bym/Library/Java/JavaVirtualMachines/temurin-11.0.28/Contents/Home!/jdk.accessibility:/Users/bym/Library/Java/JavaVirtualMachines/temurin-11.0.28/Contents/Home!/jdk.attach:/Users/bym/Library/Java/JavaVirtualMachines/temurin-11.0.28/Contents/Home!/jdk.charsets:/Users/bym/Library/Java/JavaVirtualMachines/temurin-11.0.28/Contents/Home!/jdk.compiler:/Users/bym/Library/Java/JavaVirtualMachines/temurin-11.0.28/Contents/Home!/jdk.crypto.cryptoki:/Users/bym/Library/Java/JavaVirtualMachines/temurin-11.0.28/Contents/Home!/jdk.crypto.ec:/Users/bym/Library/Java/JavaVirtualMachines/temurin-11.0.28/Contents/Home!/jdk.dynalink:/Users/bym/Library/Java/JavaVirtualMachines/temurin-11.0.28/Contents/Home!/jdk.editpad:/Users/bym/Library/Java/JavaVirtualMachines/temurin-11.0.28/Contents/Home!/jdk.hotspot.agent:/Users/bym/Library/Java/JavaVirtualMachines/temurin-11.0.28/Contents/Home!/jdk.httpserver:/Users/bym/Library/Java/JavaVirtualMachines/temurin-11.0.28/Contents/Home!/jdk.internal.ed:/Users/bym/Library/Java/JavaVirtualMachines/temurin-11.0.28/Contents/Home!/jdk.internal.jvmstat:/Users/bym/Library/Java/JavaVirtualMachines/temurin-11.0.28/Contents/Home!/jdk.internal.le:/Users/bym/Library/Java/JavaVirtualMachines/temurin-11.0.28/Contents/Home!/jdk.internal.opt:/Users/bym/Library/Java/JavaVirtualMachines/temurin-11.0.28/Contents/Home!/jdk.internal.vm.ci:/Users/bym/Library/Java/JavaVirtualMachines/temurin-11.0.28/Contents/Home!/jdk.internal.vm.compiler:/Users/bym/Library/Java/JavaVirtualMachines/temurin-11.0.28/Contents/Home!/jdk.internal.vm.compiler.management:/Users/bym/Library/Java/JavaVirtualMachines/temurin-11.0.28/Contents/Home!/jdk.jartool:/Users/bym/Library/Java/JavaVirtualMachines/temurin-11.0.28/Contents/Home!/jdk.javadoc:/Users/bym/Library/Java/JavaVirtualMachines/temurin-11.0.28/Contents/Home!/jdk.jcmd:/Users/bym/Library/Java/JavaVirtualMachines/temurin-11.0.28/Contents/Home!/jdk.jconsole:/Users/bym/Library/Java/JavaVirtualMachines/temurin-11.0.28/Contents/Home!/jdk.jdeps:/Users/bym/Library/Java/JavaVirtualMachines/temurin-11.0.28/Contents/Home!/jdk.jdi:/Users/bym/Library/Java/JavaVirtualMachines/temurin-11.0.28/Contents/Home!/jdk.jdwp.agent:/Users/bym/Library/Java/JavaVirtualMachines/temurin-11.0.28/Contents/Home!/jdk.jfr:/Users/bym/Library/Java/JavaVirtualMachines/temurin-11.0.28/Contents/Home!/jdk.jlink:/Users/bym/Library/Java/JavaVirtualMachines/temurin-11.0.28/Contents/Home!/jdk.jshell:/Users/bym/Library/Java/JavaVirtualMachines/temurin-11.0.28/Contents/Home!/jdk.jsobject:/Users/bym/Library/Java/JavaVirtualMachines/temurin-11.0.28/Contents/Home!/jdk.jstatd:/Users/bym/Library/Java/JavaVirtualMachines/temurin-11.0.28/Contents/Home!/jdk.localedata:/Users/bym/Library/Java/JavaVirtualMachines/temurin-11.0.28/Contents/Home!/jdk.management:/Users/bym/Library/Java/JavaVirtualMachines/temurin-11.0.28/Contents/Home!/jdk.management.agent:/Users/bym/Library/Java/JavaVirtualMachines/temurin-11.0.28/Contents/Home!/jdk.management.jfr:/Users/bym/Library/Java/JavaVirtualMachines/temurin-11.0.28/Contents/Home!/jdk.naming.dns:/Users/bym/Library/Java/JavaVirtualMachines/temurin-11.0.28/Contents/Home!/jdk.naming.ldap:/Users/bym/Library/Java/JavaVirtualMachines/temurin-11.0.28/Contents/Home!/jdk.naming.rmi:/Users/bym/Library/Java/JavaVirtualMachines/temurin-11.0.28/Contents/Home!/jdk.net:/Users/bym/Library/Java/JavaVirtualMachines/temurin-11.0.28/Contents/Home!/jdk.pack:/Users/bym/Library/Java/JavaVirtualMachines/temurin-11.0.28/Contents/Home!/jdk.rmic:/Users/bym/Library/Java/JavaVirtualMachines/temurin-11.0.28/Contents/Home!/jdk.scripting.nashorn:/Users/bym/Library/Java/JavaVirtualMachines/temurin-11.0.28/Contents/Home!/jdk.scripting.nashorn.shell:/Users/bym/Library/Java/JavaVirtualMachines/temurin-11.0.28/Contents/Home!/jdk.sctp:/Users/bym/Library/Java/JavaVirtualMachines/temurin-11.0.28/Contents/Home!/jdk.security.auth:/Users/bym/Library/Java/JavaVirtualMachines/temurin-11.0.28/Contents/Home!/jdk.security.jgss:/Users/bym/Library/Java/JavaVirtualMachines/temurin-11.0.28/Contents/Home!/jdk.unsupported:/Users/bym/Library/Java/JavaVirtualMachines/temurin-11.0.28/Contents/Home!/jdk.unsupported.desktop:/Users/bym/Library/Java/JavaVirtualMachines/temurin-11.0.28/Contents/Home!/jdk.xml.dom:/Users/bym/Library/Java/JavaVirtualMachines/temurin-11.0.28/Contents/Home!/jdk.zipfs:/Users/bym/Library/Application Support/JetBrains/IntelliJIdea2024.3/plugins/ant/dist/ant.jar:/Applications/IntelliJ IDEA.app/Contents/lib/idea_rt.jar" />
    <property name="java.vm.vendor" value="Eclipse Adoptium" />
    <property name="sun.arch.data.model" value="64" />
    <property name="java.vendor.url" value="https://adoptium.net/" />
    <property name="user.timezone" value="" />
    <property name="os.name" value="Mac OS X" />
    <property name="java.vm.specification.version" value="11" />
    <property name="user.country" value="TH" />
    <property name="sun.java.launcher" value="SUN_STANDARD" />
    <property name="sun.boot.library.path" value="/Users/bym/Library/Java/JavaVirtualMachines/temurin-11.0.28/Contents/Home/lib" />
    <property name="sun.java.command" value="com.intellij.rt.ant.execution.AntMain2 -logger com.intellij.rt.ant.execution.IdeaAntLogger2 -inputhandler com.intellij.rt.ant.execution.IdeaInputHandler -buildfile /Users/bym/Downloads/Rational/build.xml test" />
    <property name="jdk.debug" value="release" />
    <property name="sun.cpu.endian" value="little" />
    <property name="user.home" value="/Users/bym" />
    <property name="user.language" value="en" />
    <property name="java.specification.vendor" value="Oracle Corporation" />
    <property name="java.version.date" value="2025-07-15" />
    <property name="java.home" value="/Users/bym/Library/Java/JavaVirtualMachines/temurin-11.0.28/Contents/Home" />
    <property name="file.separator" value="/" />
    <property name="basedir" value="/Users/bym/Downloads/Rational" />
    <property name="java.vm.compressedOopsMode" value="Zero based" />
    <property name="line.separator" value="&#xa;" />
    <property name="ant.java.version" value="11" />
    <property name="java.specification.name" value="Java Platform API Specification" />
    <property name="java.vm.specification.vendor" value="Oracle Corporation" />
    <property name="java.awt.graphicsenv" value="sun.awt.CGraphicsEnvironment" />
    <property name="sun.management.compiler" value="HotSpot 64-Bit Tiered Compilers" />
    <property name="java.runtime.version" value="11.0.28+6" />
    <property name="user.name" value="bym" />
    <property name="ant.file" value="/Users/bym/Downloads/Rational/build.xml" />
    <property name="path.separator" value=":" />
    <property name="os.version" value="15.5" />
    <property name="java.runtime.name" value="OpenJDK Runtime Environment" />
    <property name="file.encoding" value="UTF-8" />
    <property name="ant.project.invoked-targets" value="test" />
    <property name="java.vm.name" value="OpenJDK 64-Bit Server VM" />
    <property name="java.vendor.version" value="Temurin-11.0.28+6" />
    <property name="ant.core.lib" value="/Users/bym/Library/Application Support/JetBrains/IntelliJIdea2024.3/plugins/ant/dist/ant.jar" />
    <property name="java.vendor.url.bug" value="https://github.com/adoptium/adoptium-support/issues" />
    <property name="java.io.tmpdir" value="/var/folders/6q/w50s8z210jg29v4h2rj90fd80000gn/T/" />
    <property name="java.version" value="11.0.28" />
    <property name="user.dir" value="/Users/bym/Downloads/Rational" />
    <property name="os.arch" value="aarch64" />
    <property name="java.vm.specification.name" value="Java Virtual Machine Specification" />
    <property name="java.awt.printerjob" value="sun.lwawt.macosx.CPrinterJob" />
    <property name="ant.home" value="/Users/bym/Library/Application Support/JetBrains/IntelliJIdea2024.3/plugins/ant/dist" />
    <property name="sun.os.patch.level" value="unknown" />
    <property name="ant.version" value="Apache Ant(TM) version 1.10.14 compiled on August 16 2023" />
    <property name="java.library.path" value="/Users/bym/Library/Java/Extensions:/Library/Java/Extensions:/Network/Library/Java/Extensions:/System/Library/Java/Extensions:/usr/lib/java:." />
    <property name="java.vendor" value="Eclipse Adoptium" />
    <property name="java.vm.info" value="mixed mode" />
    <property name="java.vm.version" value="11.0.28+6" />
    <property name="java.specification.maintenance.version" value="3" />
    <property name="sun.io.unicode.encoding" value="UnicodeBig" />
    <property name="java.class.version" value="55.0" />
  </properties>
  <testcase classname="RationalTest" name="testAdd" time="0.002" />
  <testcase classname="RationalTest" name="testSubtract" time="0.0" />
  <testcase classname="RationalTest" name="testEqual" time="0.0" />
  <testcase classname="RationalTest" name="testToString" time="0.005" />
  <testcase classname="RationalTest" name="testCompareTo" time="0.001" />
  <testcase classname="RationalTest" name="testDivide" time="0.0" />
  <testcase classname="RationalTest" name="testMultiply" time="0.0" />
  <system-out><![CDATA[Initializing the two Rational numbers.
Clear up the two Rational numbers.
Initializing the two Rational numbers.
Clear up the two Rational numbers.
Initializing the two Rational numbers.
Clear up the two Rational numbers.
Initializing the two Rational numbers.
1/2
Clear up the two Rational numbers.
Initializing the two Rational numbers.
Clear up the two Rational numbers.
Initializing the two Rational numbers.
Clear up the two Rational numbers.
Initializing the two Rational numbers.
Clear up the two Rational numbers.
]]></system-out>
  <system-err><![CDATA[]]></system-err>
</testsuite>
