<?xml version="1.0" encoding="UTF-8"?>
<testsuite xmlns:xsi="http://www.w3.org/2001/XMLSchema-instance" xsi:noNamespaceSchemaLocation="https://maven.apache.org/surefire/maven-surefire-plugin/xsd/surefire-test-report-3.0.xsd" version="3.0" name="RationalTest" time="0.036" tests="7" errors="0" skipped="0" failures="0">
  <properties>
    <property name="gopherProxySet" value="false"/>
    <property name="awt.toolkit" value="sun.lwawt.macosx.LWCToolkit"/>
    <property name="java.specification.version" value="11"/>
    <property name="sun.cpu.isalist" value=""/>
    <property name="sun.jnu.encoding" value="UTF-8"/>
    <property name="java.class.path" value="/Users/bym/Downloads/Rational/target/test-classes:/Users/bym/Downloads/Rational/target/classes:/Users/bym/.m2/repository/junit/junit/4.13/junit-4.13.jar:/Users/bym/.m2/repository/org/hamcrest/hamcrest-core/1.3/hamcrest-core-1.3.jar:"/>
    <property name="java.vm.vendor" value="Eclipse Adoptium"/>
    <property name="sun.arch.data.model" value="64"/>
    <property name="java.vendor.url" value="https://adoptium.net/"/>
    <property name="user.timezone" value=""/>
    <property name="java.vm.specification.version" value="11"/>
    <property name="os.name" value="Mac OS X"/>
    <property name="sun.java.launcher" value="SUN_STANDARD"/>
    <property name="user.country" value="TH"/>
    <property name="sun.boot.library.path" value="/Users/bym/Library/Java/JavaVirtualMachines/temurin-11.0.28/Contents/Home/lib"/>
    <property name="sun.java.command" value="/Users/bym/Downloads/Rational/target/surefire/surefirebooter-20250916093057505_3.jar /Users/bym/Downloads/Rational/target/surefire 2025-09-16T09-30-57_458-jvmRun1 surefire-20250916093057505_1tmp surefire_0-20250916093057505_2tmp"/>
    <property name="jdk.debug" value="release"/>
    <property name="surefire.test.class.path" value="/Users/bym/Downloads/Rational/target/test-classes:/Users/bym/Downloads/Rational/target/classes:/Users/bym/.m2/repository/junit/junit/4.13/junit-4.13.jar:/Users/bym/.m2/repository/org/hamcrest/hamcrest-core/1.3/hamcrest-core-1.3.jar:"/>
    <property name="sun.cpu.endian" value="little"/>
    <property name="user.home" value="/Users/bym"/>
    <property name="user.language" value="en"/>
    <property name="java.specification.vendor" value="Oracle Corporation"/>
    <property name="java.version.date" value="2025-07-15"/>
    <property name="java.home" value="/Users/bym/Library/Java/JavaVirtualMachines/temurin-11.0.28/Contents/Home"/>
    <property name="file.separator" value="/"/>
    <property name="basedir" value="/Users/bym/Downloads/Rational"/>
    <property name="java.vm.compressedOopsMode" value="Zero based"/>
    <property name="line.separator" value="&#10;"/>
    <property name="java.specification.name" value="Java Platform API Specification"/>
    <property name="java.vm.specification.vendor" value="Oracle Corporation"/>
    <property name="java.awt.graphicsenv" value="sun.awt.CGraphicsEnvironment"/>
    <property name="surefire.real.class.path" value="/Users/bym/Downloads/Rational/target/surefire/surefirebooter-20250916093057505_3.jar"/>
    <property name="sun.management.compiler" value="HotSpot 64-Bit Tiered Compilers"/>
    <property name="java.runtime.version" value="11.0.28+6"/>
    <property name="user.name" value="bym"/>
    <property name="path.separator" value=":"/>
    <property name="os.version" value="15.5"/>
    <property name="java.runtime.name" value="OpenJDK Runtime Environment"/>
    <property name="file.encoding" value="UTF-8"/>
    <property name="java.vm.name" value="OpenJDK 64-Bit Server VM"/>
    <property name="java.vendor.version" value="Temurin-11.0.28+6"/>
    <property name="localRepository" value="/Users/bym/.m2/repository"/>
    <property name="java.vendor.url.bug" value="https://github.com/adoptium/adoptium-support/issues"/>
    <property name="java.io.tmpdir" value="/var/folders/6q/w50s8z210jg29v4h2rj90fd80000gn/T/"/>
    <property name="idea.version" value="2024.3.5"/>
    <property name="java.version" value="11.0.28"/>
    <property name="user.dir" value="/Users/bym/Downloads/Rational"/>
    <property name="os.arch" value="aarch64"/>
    <property name="java.vm.specification.name" value="Java Virtual Machine Specification"/>
    <property name="java.awt.printerjob" value="sun.lwawt.macosx.CPrinterJob"/>
    <property name="sun.os.patch.level" value="unknown"/>
    <property name="java.library.path" value="/Users/bym/Library/Java/Extensions:/Library/Java/Extensions:/Network/Library/Java/Extensions:/System/Library/Java/Extensions:/usr/lib/java:."/>
    <property name="java.vm.info" value="mixed mode"/>
    <property name="java.vendor" value="Eclipse Adoptium"/>
    <property name="java.vm.version" value="11.0.28+6"/>
    <property name="java.specification.maintenance.version" value="3"/>
    <property name="sun.io.unicode.encoding" value="UnicodeBig"/>
    <property name="java.class.version" value="55.0"/>
  </properties>
  <testcase name="testAdd" classname="RationalTest" time="0.005">
    <system-out><![CDATA[Initializing the two Rational numbers.
Clear up the two Rational numbers.
]]></system-out>
  </testcase>
  <testcase name="testSubtract" classname="RationalTest" time="0.0">
    <system-out><![CDATA[Initializing the two Rational numbers.
Clear up the two Rational numbers.
]]></system-out>
  </testcase>
  <testcase name="testEqual" classname="RationalTest" time="0.001">
    <system-out><![CDATA[Initializing the two Rational numbers.
Clear up the two Rational numbers.
]]></system-out>
  </testcase>
  <testcase name="testToString" classname="RationalTest" time="0.0">
    <system-out><![CDATA[Initializing the two Rational numbers.
1/2
Clear up the two Rational numbers.
]]></system-out>
  </testcase>
  <testcase name="testCompareTo" classname="RationalTest" time="0.0">
    <system-out><![CDATA[Initializing the two Rational numbers.
Clear up the two Rational numbers.
]]></system-out>
  </testcase>
  <testcase name="testDivide" classname="RationalTest" time="0.0">
    <system-out><![CDATA[Initializing the two Rational numbers.
Clear up the two Rational numbers.
]]></system-out>
  </testcase>
  <testcase name="testMultiply" classname="RationalTest" time="0.001">
    <system-out><![CDATA[Initializing the two Rational numbers.
Clear up the two Rational numbers.
]]></system-out>
  </testcase>
</testsuite>